<?xml version="1.0" encoding="UTF-8"?>
<!-- Generated by org.testng.reporters.JUnitXMLReporter -->
<testsuite ignored="9" hostname="GURUSHAN4" failures="0" tests="1" name="Default test" time="27.284" errors="0" timestamp="04 Jul 2021 15:33:04 GMT">
  <testcase classname="com.nova.test.test.HomePageTest" name="planOptionClick" time="9.745"/>
  <testcase classname="com.nova.test.test.HomePageTest" name="starExtraMenuClick" time="0.0">
    <ignored/>
  </testcase> <!-- starExtraMenuClick -->
  <testcase classname="com.nova.test.test.HomePageTest" name="verifyFeedbackOption" time="0.0">
    <ignored/>
  </testcase> <!-- verifyFeedbackOption -->
  <testcase classname="com.nova.test.test.HomePageTest" name="expandLeftCornerTest" time="0.0">
    <ignored/>
  </testcase> <!-- expandLeftCornerTest -->
  <testcase classname="com.nova.test.test.HomePageTest" name="taskExecuteButtonTest" time="0.0">
    <ignored/>
  </testcase> <!-- taskExecuteButtonTest -->
  <testcase classname="com.nova.test.test.HomePageTest" name="qualityMattersTest" time="0.0">
    <ignored/>
  </testcase> <!-- qualityMattersTest -->
  <testcase classname="com.nova.test.test.HomePageTest" name="clickOn3DotsTest" time="0.0">
    <ignored/>
  </testcase> <!-- clickOn3DotsTest -->
  <testcase classname="com.nova.test.test.HomePageTest" name="clickOnNews_buttonTest" time="0.0">
    <ignored/>
  </testcase> <!-- clickOnNews_buttonTest -->
  <testcase classname="com.nova.test.test.HomePageTest" name="taskToExecuteButton" time="0.0">
    <ignored/>
  </testcase> <!-- taskToExecuteButton -->
  <testcase classname="com.nova.test.test.HomePageTest" name="clickOnUserGuideTest" time="0.0">
    <ignored/>
  </testcase> <!-- clickOnUserGuideTest -->
</testsuite> <!-- Default test -->
